<?xml version="1.0" encoding="UTF-8"?>
<!-- Generated by org.testng.reporters.JUnitReportReporter -->
<testsuite hostname="Dosen-PC" failures="0" tests="1" name="android.TestBrowserStack2" time="39.250" errors="0" timestamp="2022-08-27T12:39:29 CEST" skipped="0">
  <testcase classname="android.TestBrowserStack2" name="test_2" time="39.250"/>
  <system-out/>
</testsuite> <!-- android.TestBrowserStack2 -->
