<?xml version="1.0" encoding="UTF-8"?>
<!-- Generated by org.testng.reporters.JUnitReportReporter -->
<testsuite hostname="Dosen-PC" failures="0" tests="1" name="android.DashboardTests" time="162.453" errors="0" timestamp="2022-08-28T00:03:29 CEST" skipped="0">
  <testcase classname="android.DashboardTests" name="test_1" time="162.453"/>
  <system-out/>
</testsuite> <!-- android.DashboardTests -->
