<?xml version="1.0" encoding="UTF-8"?>
<!-- Generated by org.testng.reporters.JUnitReportReporter -->
<testsuite hostname="Dosen-PC" failures="0" tests="8" name="android.ConnectingToWalletTest" time="276.196" errors="0" timestamp="2022-09-14T17:46:04 CEST" skipped="0">
  <testcase classname="android.ConnectingToWalletTest" name="connectToWalletTest" time="57.442"/>
  <system-out/>
  <testcase classname="android.ConnectingToWalletTest" name="goToDashboardTest" time="30.096"/>
  <system-out>
skip button method  Popup is moved  </system-out>
  <testcase classname="android.ConnectingToWalletTest" name="qRCodeTest" time="20.290"/>
  <system-out>
QR Code Test Wallet is clicked QR Code is clicked  </system-out>
  <testcase classname="android.ConnectingToWalletTest" name="wrongPinTypeTest" time="38.329"/>
  <system-out>
Wrong Pin Test Yoroi mobile is clicked Back  Choose
wallet  Generate Hash
code and PIN  Paste hash
code  Enter PIN Enter your PIN code This PIN will be used to confirm your voting actions. Memorize or keep a secure copy of your PIN. If you forget your PIN, you will not be able to cast your votes. Pin Code Confirm is still visible  </system-out>
  <testcase classname="android.ConnectingToWalletTest" name="dotInPinTest" time="17.114"/>
  <system-out/>
  <testcase classname="android.ConnectingToWalletTest" name="wrongHashCodeTest" time="29.782"/>
  <system-out>
Confirm is still visible  </system-out>
  <testcase classname="android.ConnectingToWalletTest" name="incopmpleteConnetion" time="48.391"/>
  <system-out/>
  <testcase classname="android.ConnectingToWalletTest" name="successfullConnectTest" time="34.752"/>
  <system-out>
Yoroi mobile is clicked! Ready to paste hash code is clicked!  </system-out>
</testsuite> <!-- android.ConnectingToWalletTest -->
