<?xml version="1.0" encoding="UTF-8"?>
<!-- Generated by org.testng.reporters.JUnitReportReporter -->
<testsuite hostname="Dosen-PC" failures="0" tests="1" name="android.WalletTest" time="96.856" errors="0" timestamp="2022-09-04T00:57:58 CEST" skipped="0">
  <testcase classname="android.WalletTest" name="connectWallet" time="96.856"/>
  <system-out>
skip button method  Popup is moved Connect Wallet method wallet is clicked Yoroi mobile is clicked! Back  Choose
wallet  Generate Hash
code and PIN  Paste hash
code  Enter PIN Enter your PIN code This PIN will be used to confirm your voting actions. Memorize or keep a secure copy of your PIN. If you forget your PIN, you will not be able to cast your votes. Pin Code Fund9 Connection in Progress! We verified that your wallet exists, but your registration will not be completed until the voting round starts on Sep 5th, 2022 10:00 UTC when voting power is applied. Take a look at the voter guide to learn more. Voter Guide VOTING POWER N/A PENDING UNTIL NEXT VOTING ROUND We've connected your wallet, but due to registration timing, you'll need to wait until next fund to vote. Make sure you have 500 in your wallet before Aug 4th, 2022 11:00 UTC Fund9 Goals Dashboard Proposals My Selection Cast Votes Help & Support  </system-out>
</testsuite> <!-- android.WalletTest -->
