<?xml version="1.0" encoding="UTF-8"?>
<!-- Generated by org.testng.reporters.JUnitReportReporter -->
<testsuite hostname="Dosen-PC" failures="0" tests="1" name="android.RegistrationIncompleteTest" time="91.321" errors="0" timestamp="2022-08-31T23:14:03 CEST" skipped="0">
  <testcase classname="android.RegistrationIncompleteTest" name="connectWallet" time="91.321"/>
  <system-out>
list Of Text View for Comparing Fund the future of Cardano list Of Text View for Comparing You are about to discover innovative ideas around Cardanoâ€™s future development. You can help decide which ideas turn into real world projects. skip button method  Popup is moved Wallet is clicked Yoroi mobile is clicked!  </system-out>
</testsuite> <!-- android.RegistrationIncompleteTest -->
