<?xml version="1.0" encoding="UTF-8"?>
<!-- Generated by org.testng.reporters.JUnitReportReporter -->
<testsuite hostname="Dosen-PC" failures="0" tests="1" name="android.TestBrowserStack1" time="169.298" errors="0" timestamp="2022-08-25T00:30:23 CEST" skipped="0">
  <testcase classname="android.TestBrowserStack1" name="test_1" time="169.298"/>
  <system-out/>
</testsuite> <!-- android.TestBrowserStack1 -->
