<?xml version="1.0" encoding="UTF-8"?>
<!-- Generated by org.testng.reporters.JUnitReportReporter -->
<testsuite hostname="Dosen-PC" failures="0" tests="1" name="android.WalletTests" time="101.454" errors="0" timestamp="2022-08-27T15:04:50 CEST" skipped="0">
  <testcase classname="android.WalletTests" name="test_2" time="101.454"/>
  <system-out/>
</testsuite> <!-- android.WalletTests -->
